<?xml version="1.0" encoding="UTF-8"?>
<!-- Generated by org.testng.reporters.JUnitReportReporter -->
<testsuite skipped="0" hostname="DELL-PC" name="com.testersconnect.apitests.API_Test_Class" tests="1" failures="0" timestamp="21 May 2018 10:35:58 GMT" time="4.960" errors="0">
  <testcase name="verifyCreateCompany" time="4.960" classname="com.testersconnect.apitests.API_Test_Class"/>
</testsuite> <!-- com.testersconnect.apitests.API_Test_Class -->
